# JRE version: OpenJDK Runtime Environment (11.0.12+7) (build 11.0.12+7-b1504.28-7817840)
# Java VM: OpenJDK 64-Bit Server VM (11.0.12+7-b1504.28-7817840, mixed mode, tiered, compressed oops, g1 gc, windows-amd64)
Heap:
 garbage-first heap   total 519168K, used 241664K [0x0000000080000000, 0x0000000100000000)
  region size 1024K, 3 young (3072K), 3 survivors (3072K)
 Metaspace       used 135914K, capacity 138849K, committed 138980K, reserved 1171456K
  class space    used 16724K, capacity 17825K, committed 17920K, reserved 1048576K
GC Heap History (20 events):
Event: 4822.009 GC heap after
{Heap after GC invocations=61 (full 0):
 garbage-first heap   total 236544K, used 190238K [0x0000000080000000, 0x0000000100000000)
  region size 1024K, 4 young (4096K), 4 survivors (4096K)
 Metaspace       used 130389K, capacity 133160K, committed 133348K, reserved 1165312K
  class space    used 15827K, capacity 16848K, committed 16896K, reserved 1048576K
}
Event: 4823.307 GC heap before
{Heap before GC invocations=62 (full 0):
 garbage-first heap   total 236544K, used 196382K [0x0000000080000000, 0x0000000100000000)
  region size 1024K, 20 young (20480K), 4 survivors (4096K)
 Metaspace       used 132654K, capacity 135517K, committed 135780K, reserved 1167360K
  class space    used 16150K, capacity 17205K, committed 17280K, reserved 1048576K
}
Event: 4823.323 GC heap after
{Heap after GC invocations=63 (full 0):
 garbage-first heap   total 236544K, used 183326K [0x0000000080000000, 0x0000000100000000)
  region size 1024K, 3 young (3072K), 3 survivors (3072K)
 Metaspace       used 132654K, capacity 135517K, committed 135780K, reserved 1167360K
  class space    used 16150K, capacity 17205K, committed 17280K, reserved 1048576K
}
Event: 4823.498 GC heap before
{Heap before GC invocations=63 (full 0):
 garbage-first heap   total 236544K, used 208926K [0x0000000080000000, 0x0000000100000000)
  region size 1024K, 11 young (11264K), 3 survivors (3072K)
 Metaspace       used 133374K, capacity 136228K, committed 136420K, reserved 1169408K
  class space    used 16253K, capacity 17317K, committed 17408K, reserved 1048576K
}
Event: 4823.521 GC heap after
{Heap after GC invocations=64 (full 0):
 garbage-first heap   total 236544K, used 171424K [0x0000000080000000, 0x0000000100000000)
  region size 1024K, 2 young (2048K), 2 survivors (2048K)
 Metaspace       used 133374K, capacity 136228K, committed 136420K, reserved 1169408K
  class space    used 16253K, capacity 17317K, committed 17408K, reserved 1048576K
}
Event: 4823.538 GC heap before
{Heap before GC invocations=64 (full 0):
 garbage-first heap   total 236544K, used 193952K [0x0000000080000000, 0x0000000100000000)
  region size 1024K, 11 young (11264K), 2 survivors (2048K)
 Metaspace       used 133378K, capacity 136228K, committed 136420K, reserved 1169408K
  class space    used 16253K, capacity 17317K, committed 17408K, reserved 1048576K
}
Event: 4823.561 GC heap after
{Heap after GC invocations=65 (full 0):
 garbage-first heap   total 236544K, used 178979K [0x0000000080000000, 0x0000000100000000)
  region size 1024K, 2 young (2048K), 2 survivors (2048K)
 Metaspace       used 133378K, capacity 136228K, committed 136420K, reserved 1169408K
  class space    used 16253K, capacity 17317K, committed 17408K, reserved 1048576K
}
Event: 4824.196 GC heap before
{Heap before GC invocations=65 (full 0):
 garbage-first heap   total 236544K, used 197411K [0x0000000080000000, 0x0000000100000000)
  region size 1024K, 21 young (21504K), 2 survivors (2048K)
 Metaspace       used 133606K, capacity 136428K, committed 136676K, reserved 1169408K
  class space    used 16275K, capacity 17319K, committed 17408K, reserved 1048576K
}
Event: 4824.240 GC heap after
{Heap after GC invocations=66 (full 0):
 garbage-first heap   total 236544K, used 187206K [0x0000000080000000, 0x0000000100000000)
  region size 1024K, 3 young (3072K), 3 survivors (3072K)
 Metaspace       used 133606K, capacity 136428K, committed 136676K, reserved 1169408K
  class space    used 16275K, capacity 17319K, committed 17408K, reserved 1048576K
}
Event: 4824.497 GC heap before
{Heap before GC invocations=66 (full 0):
 garbage-first heap   total 236544K, used 201542K [0x0000000080000000, 0x0000000100000000)
  region size 1024K, 17 young (17408K), 3 survivors (3072K)
 Metaspace       used 133608K, capacity 136428K, committed 136676K, reserved 1169408K
  class space    used 16275K, capacity 17319K, committed 17408K, reserved 1048576K
}
Event: 4824.534 GC heap after
{Heap after GC invocations=67 (full 0):
 garbage-first heap   total 236544K, used 194143K [0x0000000080000000, 0x0000000100000000)
  region size 1024K, 3 young (3072K), 3 survivors (3072K)
 Metaspace       used 133608K, capacity 136428K, committed 136676K, reserved 1169408K
  class space    used 16275K, capacity 17319K, committed 17408K, reserved 1048576K
}
Event: 4824.703 GC heap before
{Heap before GC invocations=67 (full 0):
 garbage-first heap   total 236544K, used 204383K [0x0000000080000000, 0x0000000100000000)
  region size 1024K, 12 young (12288K), 3 survivors (3072K)
 Metaspace       used 133608K, capacity 136428K, committed 136676K, reserved 1169408K
  class space    used 16275K, capacity 17319K, committed 17408K, reserved 1048576K
}
Event: 4824.738 GC heap after
{Heap after GC invocations=68 (full 0):
 garbage-first heap   total 299008K, used 199145K [0x0000000080000000, 0x0000000100000000)
  region size 1024K, 2 young (2048K), 2 survivors (2048K)
 Metaspace       used 133608K, capacity 136428K, committed 136676K, reserved 1169408K
  class space    used 16275K, capacity 17319K, committed 17408K, reserved 1048576K
}
Event: 4826.089 GC heap before
{Heap before GC invocations=68 (full 0):
 garbage-first heap   total 299008K, used 224745K [0x0000000080000000, 0x0000000100000000)
  region size 1024K, 28 young (28672K), 2 survivors (2048K)
 Metaspace       used 135856K, capacity 138781K, committed 138980K, reserved 1171456K
  class space    used 16724K, capacity 17825K, committed 17920K, reserved 1048576K
}
Event: 4826.137 GC heap after
{Heap after GC invocations=69 (full 0):
 garbage-first heap   total 299008K, used 209339K [0x0000000080000000, 0x0000000100000000)
  region size 1024K, 4 young (4096K), 4 survivors (4096K)
 Metaspace       used 135856K, capacity 138781K, committed 138980K, reserved 1171456K
  class space    used 16724K, capacity 17825K, committed 17920K, reserved 1048576K
}
Event: 4826.452 GC heap before
{Heap before GC invocations=69 (full 0):
 garbage-first heap   total 299008K, used 232891K [0x0000000080000000, 0x0000000100000000)
  region size 1024K, 28 young (28672K), 4 survivors (4096K)
 Metaspace       used 135894K, capacity 138845K, committed 138980K, reserved 1171456K
  class space    used 16724K, capacity 17825K, committed 17920K, reserved 1048576K
}
Event: 4826.532 GC heap after
{Heap after GC invocations=70 (full 0):
 garbage-first heap   total 299008K, used 222542K [0x0000000080000000, 0x0000000100000000)
  region size 1024K, 4 young (4096K), 4 survivors (4096K)
 Metaspace       used 135894K, capacity 138845K, committed 138980K, reserved 1171456K
  class space    used 16724K, capacity 17825K, committed 17920K, reserved 1048576K
}
Event: 4826.789 GC heap before
{Heap before GC invocations=70 (full 0):
 garbage-first heap   total 299008K, used 241998K [0x0000000080000000, 0x0000000100000000)
  region size 1024K, 23 young (23552K), 4 survivors (4096K)
 Metaspace       used 135909K, capacity 138849K, committed 138980K, reserved 1171456K
  class space    used 16724K, capacity 17825K, committed 17920K, reserved 1048576K
}
Event: 4826.826 GC heap after
{Heap after GC invocations=71 (full 0):
 garbage-first heap   total 299008K, used 232448K [0x0000000080000000, 0x0000000100000000)
  region size 1024K, 3 young (3072K), 3 survivors (3072K)
 Metaspace       used 135909K, capacity 138849K, committed 138980K, reserved 1171456K
  class space    used 16724K, capacity 17825K, committed 17920K, reserved 1048576K
}
Event: 4826.987 GC heap before
{Heap before GC invocations=71 (full 0):
 garbage-first heap   total 299008K, used 247808K [0x0000000080000000, 0x0000000100000000)
  region size 1024K, 19 young (19456K), 3 survivors (3072K)
 Metaspace       used 135914K, capacity 138849K, committed 138980K, reserved 1171456K
  class space    used 16724K, capacity 17825K, committed 17920K, reserved 1048576K
}

